nohup: ignoring input
INFO:     Will watch for changes in these directories: ['/workspaces/fyp2526-MakHiuFung-2425/backend']
INFO:     Uvicorn running on http://0.0.0.0:8000 (Press CTRL+C to quit)
INFO:     Started reloader process [117322] using WatchFiles
2025-11-09 15:49:38 - ai_agent_logger - INFO - Google ADK 成功導入
2025-11-09 15:49:38 - ai_agent_logger - INFO - 正在执行GPU检测...
2025-11-09 15:49:38 - ai_agent_logger - INFO - ================================================================================
2025-11-09 15:49:38 - ai_agent_logger - INFO - 🔍 GPU检测开始...
2025-11-09 15:49:38 - ai_agent_logger - INFO - ================================================================================
2025-11-09 15:49:38 - ai_agent_logger - WARNING - ❌ nvidia-smi 未找到
2025-11-09 15:49:38 - ai_agent_logger - WARNING - ⚠️ 未检测到NVIDIA GPU，将使用CPU模式
2025-11-09 15:49:38 - ai_agent_logger - WARNING -    如果您有GPU，请确保:
2025-11-09 15:49:38 - ai_agent_logger - WARNING -    1. 已安装NVIDIA驱动
2025-11-09 15:49:38 - ai_agent_logger - WARNING -    2. 已安装nvidia-docker2
2025-11-09 15:49:38 - ai_agent_logger - WARNING -    3. Docker配置了GPU支持
2025-11-09 15:49:38 - ai_agent_logger - INFO - 
📝 GPU状态报告已保存: /tmp/gpu_status.json
2025-11-09 15:49:38 - ai_agent_logger - WARNING - ⚠️ 未使用GPU，性能可能受限
INFO:     Started server process [117324]
INFO:     Waiting for application startup.
INFO:     Application startup complete.
INFO:     127.0.0.1:49230 - "POST /api/game/start HTTP/1.1" 500 Internal Server Error
ERROR:    Exception in ASGI application
Traceback (most recent call last):
  File "/usr/local/python/3.12.1/lib/python3.12/site-packages/uvicorn/protocols/http/httptools_impl.py", line 409, in run_asgi
    result = await app(  # type: ignore[func-returns-value]
             ^^^^^^^^^^^^^^^^^^^^^^^^^^^^^^^^^^^^^^^^^^^^^^
  File "/usr/local/python/3.12.1/lib/python3.12/site-packages/uvicorn/middleware/proxy_headers.py", line 60, in __call__
    return await self.app(scope, receive, send)
           ^^^^^^^^^^^^^^^^^^^^^^^^^^^^^^^^^^^^
  File "/usr/local/python/3.12.1/lib/python3.12/site-packages/fastapi/applications.py", line 1133, in __call__
    await super().__call__(scope, receive, send)
  File "/usr/local/python/3.12.1/lib/python3.12/site-packages/starlette/applications.py", line 113, in __call__
    await self.middleware_stack(scope, receive, send)
  File "/usr/local/python/3.12.1/lib/python3.12/site-packages/starlette/middleware/errors.py", line 186, in __call__
    raise exc
  File "/usr/local/python/3.12.1/lib/python3.12/site-packages/starlette/middleware/errors.py", line 164, in __call__
    await self.app(scope, receive, _send)
  File "/usr/local/python/3.12.1/lib/python3.12/site-packages/starlette/middleware/cors.py", line 85, in __call__
    await self.app(scope, receive, send)
  File "/usr/local/python/3.12.1/lib/python3.12/site-packages/starlette/middleware/exceptions.py", line 63, in __call__
    await wrap_app_handling_exceptions(self.app, conn)(scope, receive, send)
  File "/usr/local/python/3.12.1/lib/python3.12/site-packages/starlette/_exception_handler.py", line 53, in wrapped_app
    raise exc
  File "/usr/local/python/3.12.1/lib/python3.12/site-packages/starlette/_exception_handler.py", line 42, in wrapped_app
    await app(scope, receive, sender)
  File "/usr/local/python/3.12.1/lib/python3.12/site-packages/fastapi/middleware/asyncexitstack.py", line 18, in __call__
    await self.app(scope, receive, send)
  File "/usr/local/python/3.12.1/lib/python3.12/site-packages/starlette/routing.py", line 716, in __call__
    await self.middleware_stack(scope, receive, send)
  File "/usr/local/python/3.12.1/lib/python3.12/site-packages/starlette/routing.py", line 736, in app
    await route.handle(scope, receive, send)
  File "/usr/local/python/3.12.1/lib/python3.12/site-packages/starlette/routing.py", line 290, in handle
    await self.app(scope, receive, send)
  File "/usr/local/python/3.12.1/lib/python3.12/site-packages/fastapi/routing.py", line 123, in app
    await wrap_app_handling_exceptions(app, request)(scope, receive, send)
  File "/usr/local/python/3.12.1/lib/python3.12/site-packages/starlette/_exception_handler.py", line 53, in wrapped_app
    raise exc
  File "/usr/local/python/3.12.1/lib/python3.12/site-packages/starlette/_exception_handler.py", line 42, in wrapped_app
    await app(scope, receive, sender)
  File "/usr/local/python/3.12.1/lib/python3.12/site-packages/fastapi/routing.py", line 109, in app
    response = await f(request)
               ^^^^^^^^^^^^^^^^
  File "/usr/local/python/3.12.1/lib/python3.12/site-packages/fastapi/routing.py", line 389, in app
    raw_response = await run_endpoint_function(
                   ^^^^^^^^^^^^^^^^^^^^^^^^^^^^
  File "/usr/local/python/3.12.1/lib/python3.12/site-packages/fastapi/routing.py", line 288, in run_endpoint_function
    return await dependant.call(**values)
           ^^^^^^^^^^^^^^^^^^^^^^^^^^^^^^
  File "/workspaces/fyp2526-MakHiuFung-2425/backend/api/game_routes.py", line 206, in start_game
    cursor.execute(
sqlite3.OperationalError: table sessions has no column named scam_type
INFO:     127.0.0.1:59472 - "POST /api/game/start HTTP/1.1" 200 OK
啟動 AI 反詐騙模擬訓練平台
==================================================
檢查完成，開始啟動服務...

啟動後端服務...
後端服務將在 http://localhost:8000 啟動
前端界面將在 http://localhost:8000 提供

按 Ctrl+C 停止服務
==================================================
